# JRE version: OpenJDK Runtime Environment (21.0.10) (build 21.0.10+-14961533-b1163.108)
# Java VM: OpenJDK 64-Bit Server VM (21.0.10+-14961533-b1163.108, mixed mode, tiered, compressed oops, compressed class ptrs, g1 gc, windows-amd64)
GC Precious Log:
 CardTable entry size: 512
 Card Set container configuration: InlinePtr #cards 4 size 8 Array Of Cards #cards 16 size 48 Howl #buckets 8 coarsen threshold 3686 Howl Bitmap #cards 512 size 80 coarsen threshold 460 Card regions per heap region 1 cards per card region 4096
 CPUs: 8 total, 8 available
 Memory: 16318M
 Large Page Support: Disabled
 NUMA Support: Disabled
 Compressed Oops: Enabled (Zero based)
 Heap Region Size: 2M
 Heap Min Capacity: 8M
 Heap Initial Capacity: 256M
 Heap Max Capacity: 4G
 Pre-touch: Disabled
 Parallel Workers: 8
 Concurrent Workers: 2
 Concurrent Refinement Workers: 8
 Periodic GC: Disabled
Heap:
 garbage-first heap   total 724992K, used 553559K [0x0000000700000000, 0x0000000800000000)
  region size 2048K, 163 young (333824K), 20 survivors (40960K)
 Metaspace       used 261113K, committed 264128K, reserved 1310720K
  class space    used 33331K, committed 34816K, reserved 1048576K
GC Heap History (20 events):
Event: 97.617 GC heap before
{Heap before GC invocations=112 (full 0):
 garbage-first heap   total 724992K, used 612362K [0x0000000700000000, 0x0000000800000000)
  region size 2048K, 187 young (382976K), 27 survivors (55296K)
 Metaspace       used 216432K, committed 219072K, reserved 1245184K
  class space    used 27818K, committed 29120K, reserved 1048576K
}
Event: 97.638 GC heap after
{Heap after GC invocations=113 (full 0):
 garbage-first heap   total 724992K, used 310900K [0x0000000700000000, 0x0000000800000000)
  region size 2048K, 10 young (20480K), 10 survivors (20480K)
 Metaspace       used 216432K, committed 219072K, reserved 1245184K
  class space    used 27818K, committed 29120K, reserved 1048576K
}
Event: 112.325 GC heap before
{Heap before GC invocations=113 (full 0):
 garbage-first heap   total 724992K, used 622196K [0x0000000700000000, 0x0000000800000000)
  region size 2048K, 162 young (331776K), 10 survivors (20480K)
 Metaspace       used 216432K, committed 219072K, reserved 1245184K
  class space    used 27818K, committed 29120K, reserved 1048576K
}
Event: 112.333 GC heap after
{Heap after GC invocations=114 (full 0):
 garbage-first heap   total 724992K, used 307163K [0x0000000700000000, 0x0000000800000000)
  region size 2048K, 9 young (18432K), 9 survivors (18432K)
 Metaspace       used 216432K, committed 219072K, reserved 1245184K
  class space    used 27818K, committed 29120K, reserved 1048576K
}
Event: 135.308 GC heap before
{Heap before GC invocations=114 (full 0):
 garbage-first heap   total 724992K, used 638939K [0x0000000700000000, 0x0000000800000000)
  region size 2048K, 172 young (352256K), 9 survivors (18432K)
 Metaspace       used 216437K, committed 219072K, reserved 1245184K
  class space    used 27818K, committed 29120K, reserved 1048576K
}
Event: 135.318 GC heap after
{Heap after GC invocations=115 (full 0):
 garbage-first heap   total 724992K, used 305130K [0x0000000700000000, 0x0000000800000000)
  region size 2048K, 12 young (24576K), 12 survivors (24576K)
 Metaspace       used 216437K, committed 219072K, reserved 1245184K
  class space    used 27818K, committed 29120K, reserved 1048576K
}
Event: 135.876 GC heap before
{Heap before GC invocations=115 (full 0):
 garbage-first heap   total 724992K, used 393194K [0x0000000700000000, 0x0000000800000000)
  region size 2048K, 56 young (114688K), 12 survivors (24576K)
 Metaspace       used 216639K, committed 219264K, reserved 1245184K
  class space    used 27829K, committed 29120K, reserved 1048576K
}
Event: 135.884 GC heap after
{Heap after GC invocations=116 (full 0):
 garbage-first heap   total 724992K, used 307151K [0x0000000700000000, 0x0000000800000000)
  region size 2048K, 13 young (26624K), 13 survivors (26624K)
 Metaspace       used 216639K, committed 219264K, reserved 1245184K
  class space    used 27829K, committed 29120K, reserved 1048576K
}
Event: 152.210 GC heap before
{Heap before GC invocations=117 (full 0):
 garbage-first heap   total 724992K, used 649167K [0x0000000700000000, 0x0000000800000000)
  region size 2048K, 173 young (354304K), 13 survivors (26624K)
 Metaspace       used 229175K, committed 231808K, reserved 1310720K
  class space    used 29495K, committed 30720K, reserved 1048576K
}
Event: 152.225 GC heap after
{Heap after GC invocations=118 (full 0):
 garbage-first heap   total 724992K, used 314120K [0x0000000700000000, 0x0000000800000000)
  region size 2048K, 11 young (22528K), 11 survivors (22528K)
 Metaspace       used 229175K, committed 231808K, reserved 1310720K
  class space    used 29495K, committed 30720K, reserved 1048576K
}
Event: 157.793 GC heap before
{Heap before GC invocations=118 (full 0):
 garbage-first heap   total 724992K, used 652040K [0x0000000700000000, 0x0000000800000000)
  region size 2048K, 174 young (356352K), 11 survivors (22528K)
 Metaspace       used 233192K, committed 235776K, reserved 1310720K
  class space    used 30051K, committed 31296K, reserved 1048576K
}
Event: 157.802 GC heap after
{Heap after GC invocations=119 (full 0):
 garbage-first heap   total 724992K, used 314096K [0x0000000700000000, 0x0000000800000000)
  region size 2048K, 13 young (26624K), 13 survivors (26624K)
 Metaspace       used 233192K, committed 235776K, reserved 1310720K
  class space    used 30051K, committed 31296K, reserved 1048576K
}
Event: 159.583 GC heap before
{Heap before GC invocations=119 (full 0):
 garbage-first heap   total 724992K, used 656112K [0x0000000700000000, 0x0000000800000000)
  region size 2048K, 181 young (370688K), 13 survivors (26624K)
 Metaspace       used 236541K, committed 239232K, reserved 1310720K
  class space    used 30406K, committed 31680K, reserved 1048576K
}
Event: 159.592 GC heap after
{Heap after GC invocations=120 (full 0):
 garbage-first heap   total 724992K, used 313829K [0x0000000700000000, 0x0000000800000000)
  region size 2048K, 14 young (28672K), 14 survivors (28672K)
 Metaspace       used 236541K, committed 239232K, reserved 1310720K
  class space    used 30406K, committed 31680K, reserved 1048576K
}
Event: 161.918 GC heap before
{Heap before GC invocations=121 (full 0):
 garbage-first heap   total 724992K, used 625125K [0x0000000700000000, 0x0000000800000000)
  region size 2048K, 187 young (382976K), 14 survivors (28672K)
 Metaspace       used 236575K, committed 239232K, reserved 1310720K
  class space    used 30410K, committed 31680K, reserved 1048576K
}
Event: 161.926 GC heap after
{Heap after GC invocations=122 (full 0):
 garbage-first heap   total 724992K, used 272965K [0x0000000700000000, 0x0000000800000000)
  region size 2048K, 11 young (22528K), 11 survivors (22528K)
 Metaspace       used 236575K, committed 239232K, reserved 1310720K
  class space    used 30410K, committed 31680K, reserved 1048576K
}
Event: 162.962 GC heap before
{Heap before GC invocations=122 (full 0):
 garbage-first heap   total 724992K, used 676421K [0x0000000700000000, 0x0000000800000000)
  region size 2048K, 207 young (423936K), 11 survivors (22528K)
 Metaspace       used 236818K, committed 239552K, reserved 1310720K
  class space    used 30447K, committed 31744K, reserved 1048576K
}
Event: 162.969 GC heap after
{Heap after GC invocations=123 (full 0):
 garbage-first heap   total 724992K, used 247075K [0x0000000700000000, 0x0000000800000000)
  region size 2048K, 11 young (22528K), 11 survivors (22528K)
 Metaspace       used 236818K, committed 239552K, reserved 1310720K
  class space    used 30447K, committed 31744K, reserved 1048576K
}
Event: 1195.492 GC heap before
{Heap before GC invocations=123 (full 0):
 garbage-first heap   total 724992K, used 656675K [0x0000000700000000, 0x0000000800000000)
  region size 2048K, 212 young (434176K), 11 survivors (22528K)
 Metaspace       used 251558K, committed 254464K, reserved 1310720K
  class space    used 32029K, committed 33408K, reserved 1048576K
}
Event: 1195.513 GC heap after
{Heap after GC invocations=124 (full 0):
 garbage-first heap   total 724992K, used 266839K [0x0000000700000000, 0x0000000800000000)
  region size 2048K, 20 young (40960K), 20 survivors (40960K)
 Metaspace       used 251558K, committed 254464K, reserved 1310720K
  class space    used 32029K, committed 33408K, reserved 1048576K
}

